<?xml version="1.0" encoding="UTF-8"?>
<!-- Generated by org.testng.reporters.JUnitReportReporter -->
<testsuite hostname="WIN-QLT92MEOVH4" name="restassured1.file" tests="5" failures="0" timestamp="3 Jul 2022 13:33:27 GMT" time="9.774" errors="0">
  <testcase name="putAGNAMANU" time="1.310" classname="restassured1.file"/>
  <testcase name="deleteAGNAMANU" time="1.350" classname="restassured1.file"/>
  <testcase name="postAGNAMANU" time="4.426" classname="restassured1.file"/>
  <testcase name="loginAGNAMANU" time="1.387" classname="restassured1.file"/>
  <testcase name="getAGNAMANU" time="1.301" classname="restassured1.file"/>
</testsuite> <!-- restassured1.file -->
